<?xml version="1.0" encoding="UTF-8"?>
<!-- Generated by org.testng.reporters.JUnitReportReporter -->
<testsuite hostname="DESKTOP-FP4OP26" failures="0" tests="2" name="dfPack.test.LoginTest" time="14.909" errors="0" timestamp="2022-11-14T10:12:03 CET" skipped="1">
  <testcase classname="dfPack.test.LoginTest" name="doLoginTest" time="0.001">
    <skipped/>
  </testcase> <!-- doLoginTest -->
  <system-out/>
  <testcase classname="dfPack.test.LoginTest" name="doLoginTest" time="14.908"/>
  <system-out/>
</testsuite> <!-- dfPack.test.LoginTest -->
